<?xml version="1.0" encoding="UTF-8"?>
<testng-results ignored="0" total="1" passed="1" failed="0" skipped="0">
  <reporter-output>
  </reporter-output>
  <suite started-at="2024-12-21T12:31:13 IST" name="Default suite" finished-at="2024-12-21T12:31:49 IST" duration-ms="35866">
    <groups>
    </groups>
    <test started-at="2024-12-21T12:31:13 IST" name="Default test" finished-at="2024-12-21T12:31:49 IST" duration-ms="35866">
      <class name="com.NGxml.Test_Class1">
        <test-method signature="Textknown()[pri:0, instance:com.NGxml.Test_Class1@202b0582]" started-at="2024-12-21T12:31:13 IST" name="Textknown" finished-at="2024-12-21T12:31:49 IST" duration-ms="35700" status="PASS">
          <reporter-output>
          </reporter-output>
        </test-method> <!-- Textknown -->
      </class> <!-- com.NGxml.Test_Class1 -->
    </test> <!-- Default test -->
  </suite> <!-- Default suite -->
</testng-results>
