<?xml version="1.0" encoding="UTF-8"?>
<!-- Generated by org.testng.reporters.JUnitXMLReporter -->
<testsuite ignored="1" hostname="DESKTOP-E9Q4G78" failures="0" tests="2" name="KtigStaticWebsitelaunch" time="71.629" errors="0" timestamp="2024-12-19T17:47:12 IST">
  <testcase classname="com.NGxml.Test_Class2" name="imagePresent" time="40.757"/>
  <testcase classname="com.NGxml.Test_Class2" name="KTIGWebMousehover" time="30.86"/>
  <testcase classname="com.NGxml.Test_Class2" name="logoImageIdentification" time="0.0">
    <ignored/>
  </testcase> <!-- logoImageIdentification -->
</testsuite> <!-- KtigStaticWebsitelaunch -->
