<?xml version="1.0" encoding="UTF-8"?>
<!-- Generated by org.testng.reporters.JUnitXMLReporter -->
<testsuite ignored="3" hostname="DESKTOP-E9Q4G78" failures="0" tests="1" name="KtigStaticWebsiteImage" time="191.083" errors="0" timestamp="2024-12-19T17:50:23 IST">
  <testcase classname="com.NGxml.Test_Class3" name="imagePresentHome" time="191.068"/>
  <testcase classname="com.NGxml.Test_Class3" name="validaccess" time="0.0">
    <ignored/>
  </testcase> <!-- validaccess -->
  <testcase classname="com.NGxml.Test_Class3" name="NSAccess" time="0.0">
    <ignored/>
  </testcase> <!-- NSAccess -->
  <testcase classname="com.NGxml.Test_Class3" name="screenshot" time="0.0">
    <ignored/>
  </testcase> <!-- screenshot -->
</testsuite> <!-- KtigStaticWebsiteImage -->
